<?xml version="1.0" encoding="utf-8"?><testsuites name="pytest tests"><testsuite name="pytest" errors="0" failures="0" skipped="0" tests="16" time="8.685" timestamp="2026-04-23T02:30:17.325422+00:00" hostname="ba0c03219f85"><testcase classname="users.tests.TestRegisterEndpoint" name="test_register_with_required_fields_succeeds" time="1.346" /><testcase classname="users.tests.TestRegisterEndpoint" name="test_register_with_all_fields_succeeds" time="0.283" /><testcase classname="users.tests.TestRegisterEndpoint" name="test_password_not_returned_in_response" time="0.245" /><testcase classname="users.tests.TestRegisterEndpoint" name="test_invalid_payload_returns_400[empty_username]" time="0.007" /><testcase classname="users.tests.TestRegisterEndpoint" name="test_invalid_payload_returns_400[empty_email]" time="0.007" /><testcase classname="users.tests.TestRegisterEndpoint" name="test_invalid_payload_returns_400[empty_password]" time="0.007" /><testcase classname="users.tests.TestRegisterEndpoint" name="test_invalid_payload_returns_400[empty_document_number]" time="0.006" /><testcase classname="users.tests.TestRegisterEndpoint" name="test_invalid_payload_returns_400[invalid_document_type]" time="0.006" /><testcase classname="users.tests.TestRegisterEndpoint" name="test_invalid_payload_returns_400[malformed_email]" time="0.007" /><testcase classname="users.tests.TestRegisterEndpoint" name="test_duplicate_unique_field_returns_400[duplicate_email]" time="0.278" /><testcase classname="users.tests.TestRegisterEndpoint" name="test_duplicate_unique_field_returns_400[duplicate_document_number]" time="0.282" /><testcase classname="users.tests.TestLoginEndpoint" name="test_login_with_valid_credentials_returns_tokens" time="0.674" /><testcase classname="users.tests.TestLoginEndpoint" name="test_login_with_invalid_credentials_returns_401[wrong_password]" time="0.534" /><testcase classname="users.tests.TestLoginEndpoint" name="test_login_with_invalid_credentials_returns_401[nonexistent_user]" time="0.522" /><testcase classname="users.tests.TestLoginEndpoint" name="test_login_with_missing_fields_returns_400[missing_password]" time="0.258" /><testcase classname="users.tests.TestLoginEndpoint" name="test_login_with_missing_fields_returns_400[missing_username]" time="0.338" /></testsuite></testsuites>