<?xml version="1.0" encoding="utf-8"?><testsuites name="pytest tests"><testsuite name="pytest" errors="0" failures="0" skipped="0" tests="5" time="2.279" timestamp="2026-04-27T12:52:39.217499+00:00" hostname="23f9b78142db"><testcase classname="users.tests.TestCurrentUserEndpoint" name="test_unauthenticated_returns_401" time="0.575" /><testcase classname="users.tests.TestCurrentUserEndpoint" name="test_returns_own_user_data" time="0.273" /><testcase classname="users.tests.TestCurrentUserEndpoint" name="test_password_not_returned" time="0.254" /><testcase classname="users.tests.TestCurrentUserEndpoint" name="test_does_not_return_another_users_data" time="0.502" /><testcase classname="users.tests.TestCurrentUserEndpoint" name="test_post_method_not_allowed" time="0.287" /></testsuite></testsuites>