<?xml version="1.0" encoding="utf-8"?><testsuites name="pytest tests"><testsuite name="pytest" errors="0" failures="0" skipped="0" tests="16" time="8.221" timestamp="2026-04-23T02:22:31.154702+00:00" hostname="9cc972e2209b"><testcase classname="users.tests.TestRegisterEndpoint" name="test_register_with_required_fields_succeeds" time="1.563" /><testcase classname="users.tests.TestRegisterEndpoint" name="test_register_with_all_fields_succeeds" time="0.506" /><testcase classname="users.tests.TestRegisterEndpoint" name="test_password_not_returned_in_response" time="0.508" /><testcase classname="users.tests.TestRegisterEndpoint" name="test_invalid_payload_returns_400[empty_username]" time="0.012" /><testcase classname="users.tests.TestRegisterEndpoint" name="test_invalid_payload_returns_400[empty_email]" time="0.010" /><testcase classname="users.tests.TestRegisterEndpoint" name="test_invalid_payload_returns_400[empty_password]" time="0.011" /><testcase classname="users.tests.TestRegisterEndpoint" name="test_invalid_payload_returns_400[empty_document_number]" time="0.010" /><testcase classname="users.tests.TestRegisterEndpoint" name="test_invalid_payload_returns_400[invalid_document_type]" time="0.012" /><testcase classname="users.tests.TestRegisterEndpoint" name="test_invalid_payload_returns_400[malformed_email]" time="0.012" /><testcase classname="users.tests.TestRegisterEndpoint" name="test_duplicate_unique_field_returns_400[duplicate_email]" time="0.527" /><testcase classname="users.tests.TestRegisterEndpoint" name="test_duplicate_unique_field_returns_400[duplicate_document_number]" time="0.510" /><testcase classname="users.tests.TestLoginEndpoint" name="test_login_with_valid_credentials_returns_tokens" time="1.015" /><testcase classname="users.tests.TestLoginEndpoint" name="test_login_with_invalid_credentials_returns_401[wrong_password]" time="0.993" /><testcase classname="users.tests.TestLoginEndpoint" name="test_login_with_invalid_credentials_returns_401[nonexistent_user]" time="0.991" /><testcase classname="users.tests.TestLoginEndpoint" name="test_login_with_missing_fields_returns_400[missing_password]" time="0.500" /><testcase classname="users.tests.TestLoginEndpoint" name="test_login_with_missing_fields_returns_400[missing_username]" time="0.485" /></testsuite></testsuites>